Content-Type: text/plain; charset="utf-8"
MIME-Version: 1.0
Content-Transfer-Encoding: 7bit
Subject: Password reset on 127.0.0.1:8000
From: webmaster@localhost
To: ollejna@gmail.com
Date: Wed, 20 Nov 2019 18:49:55 -0000
Message-ID: 
 <157427579516.27987.6868279695120089269@Angelos-MacBook-Air-4.local>


You're receiving this email because you requested a password reset for your user account at 127.0.0.1:8000.

Please go to the following page and choose a new password:

http://127.0.0.1:8000/accounts/reset/MQ/5bl-983a6544c1f44d0298b7/

Your username, in case you've forgotten: angietong

Thanks for using our site!

The 127.0.0.1:8000 team



-------------------------------------------------------------------------------
Content-Type: text/plain; charset="utf-8"
MIME-Version: 1.0
Content-Transfer-Encoding: 7bit
Subject: Password reset on 127.0.0.1:8000
From: webmaster@localhost
To: ollejna@gmail.com
Date: Wed, 20 Nov 2019 18:49:55 -0000
Message-ID: 
 <157427579536.27987.13774576674912452480@Angelos-MacBook-Air-4.local>


You're receiving this email because you requested a password reset for your user account at 127.0.0.1:8000.

Please go to the following page and choose a new password:

http://127.0.0.1:8000/accounts/reset/NA/5bl-37612aec7794507b5402/

Your username, in case you've forgotten: test_1

Thanks for using our site!

The 127.0.0.1:8000 team



-------------------------------------------------------------------------------
