Content-Type: text/plain; charset="utf-8"
MIME-Version: 1.0
Content-Transfer-Encoding: 7bit
Subject: Password reset on 127.0.0.1:8000
From: webmaster@localhost
To: ollejna@gmail.com
Date: Fri, 22 Nov 2019 18:08:36 -0000
Message-ID: 
 <157444611648.12522.9876494037589123452@Angelos-MacBook-Air-4.local>


You're receiving this email because you requested a password reset for your user account at 127.0.0.1:8000.

Please go to the following page and choose a new password:

http://127.0.0.1:8000/accounts/reset/MQ/5bn-5482a84240c41eb68724/

Your username, in case you've forgotten: angietong

Thanks for using our site!

The 127.0.0.1:8000 team



-------------------------------------------------------------------------------
Content-Type: text/plain; charset="utf-8"
MIME-Version: 1.0
Content-Transfer-Encoding: 7bit
Subject: Password reset on 127.0.0.1:8000
From: webmaster@localhost
To: ollejna@gmail.com
Date: Fri, 22 Nov 2019 18:08:36 -0000
Message-ID: 
 <157444611650.12522.6087881073707549337@Angelos-MacBook-Air-4.local>


You're receiving this email because you requested a password reset for your user account at 127.0.0.1:8000.

Please go to the following page and choose a new password:

http://127.0.0.1:8000/accounts/reset/Mw/5bn-edd37257a3d53e258779/

Your username, in case you've forgotten: theeeeeresa

Thanks for using our site!

The 127.0.0.1:8000 team



-------------------------------------------------------------------------------
Content-Type: text/plain; charset="utf-8"
MIME-Version: 1.0
Content-Transfer-Encoding: 7bit
Subject: Password reset on 127.0.0.1:8000
From: webmaster@localhost
To: ollejna@gmail.com
Date: Fri, 22 Nov 2019 18:08:36 -0000
Message-ID: 
 <157444611651.12522.10941273443906274574@Angelos-MacBook-Air-4.local>


You're receiving this email because you requested a password reset for your user account at 127.0.0.1:8000.

Please go to the following page and choose a new password:

http://127.0.0.1:8000/accounts/reset/NA/5bn-9b111afd978d6671bce8/

Your username, in case you've forgotten: test_1

Thanks for using our site!

The 127.0.0.1:8000 team



-------------------------------------------------------------------------------
