Content-Type: text/plain; charset="utf-8"
MIME-Version: 1.0
Content-Transfer-Encoding: 7bit
Subject: Password reset on 127.0.0.1:8000
From: webmaster@localhost
To: ollejna@gmail.com
Date: Fri, 22 Nov 2019 18:22:16 -0000
Message-ID: 
 <157444693655.24665.7111270098617378249@Angelos-MacBook-Air-4.local>


You're receiving this email because you requested a password reset for your user account at 127.0.0.1:8000.

Please go to the following page and choose a new password:

http://127.0.0.1:8000/accounts/reset/MQ/5bn-5482a84240c41eb68724/

Your username, in case you've forgotten: angietong

Thanks for using our site!

The 127.0.0.1:8000 team



-------------------------------------------------------------------------------
Content-Type: text/plain; charset="utf-8"
MIME-Version: 1.0
Content-Transfer-Encoding: 7bit
Subject: Password reset on 127.0.0.1:8000
From: webmaster@localhost
To: ollejna@gmail.com
Date: Fri, 22 Nov 2019 18:22:16 -0000
Message-ID: 
 <157444693681.24665.2181456035897642572@Angelos-MacBook-Air-4.local>


You're receiving this email because you requested a password reset for your user account at 127.0.0.1:8000.

Please go to the following page and choose a new password:

http://127.0.0.1:8000/accounts/reset/NA/5bn-9b111afd978d6671bce8/

Your username, in case you've forgotten: test_1

Thanks for using our site!

The 127.0.0.1:8000 team



-------------------------------------------------------------------------------
