Content-Type: text/plain; charset="utf-8"
MIME-Version: 1.0
Content-Transfer-Encoding: 7bit
Subject: Password reset on 127.0.0.1:8000
From: webmaster@localhost
To: ollejna@gmail.com
Date: Wed, 20 Nov 2019 18:49:55 -0000
Message-ID: 
 <157427579535.27987.1133274933980978728@Angelos-MacBook-Air-4.local>


You're receiving this email because you requested a password reset for your user account at 127.0.0.1:8000.

Please go to the following page and choose a new password:

http://127.0.0.1:8000/accounts/reset/Mg/5bl-d497bc2d832519d501df/

Your username, in case you've forgotten: angietong2

Thanks for using our site!

The 127.0.0.1:8000 team



-------------------------------------------------------------------------------
Content-Type: text/plain; charset="utf-8"
MIME-Version: 1.0
Content-Transfer-Encoding: 7bit
Subject: Password reset on 127.0.0.1:8000
From: webmaster@localhost
To: ollejna@gmail.com
Date: Wed, 20 Nov 2019 18:49:55 -0000
Message-ID: 
 <157427579535.27987.7227433286668351862@Angelos-MacBook-Air-4.local>


You're receiving this email because you requested a password reset for your user account at 127.0.0.1:8000.

Please go to the following page and choose a new password:

http://127.0.0.1:8000/accounts/reset/Mw/5bl-f168cb85139539aa623b/

Your username, in case you've forgotten: theeeeeresa

Thanks for using our site!

The 127.0.0.1:8000 team



-------------------------------------------------------------------------------
